[12-Jul-2021 02:56:43 America/Bogota] PHP Notice:  Undefined index: u in C:\xampp\htdocs\btravelw\models\inicio.model.php on line 10
[12-Jul-2021 02:57:24 America/Bogota] PHP Notice:  Undefined index: args in C:\xampp\htdocs\btravelw\src\app.php on line 62
[12-Jul-2021 02:57:24 America/Bogota] PHP Notice:  Undefined index: u in C:\xampp\htdocs\btravelw\models\inicio.model.php on line 10
[12-Jul-2021 02:57:28 America/Bogota] PHP Notice:  Undefined index: args in C:\xampp\htdocs\btravelw\src\app.php on line 62
[12-Jul-2021 02:57:37 America/Bogota] PHP Notice:  Undefined index: u in C:\xampp\htdocs\btravelw\models\inicio.model.php on line 10
[12-Jul-2021 02:58:37 America/Bogota] PHP Notice:  Undefined index: u in C:\xampp\htdocs\btravelw\models\inicio.model.php on line 10
[12-Jul-2021 02:58:51 America/Bogota] PHP Notice:  Undefined index: u in C:\xampp\htdocs\btravelw\models\inicio.model.php on line 10
[12-Jul-2021 02:59:38 America/Bogota] PHP Notice:  Undefined index: args in C:\xampp\htdocs\btravelw\src\app.php on line 62
[12-Jul-2021 02:59:56 America/Bogota] PHP Notice:  Undefined index: args in C:\xampp\htdocs\btravelw\src\app.php on line 62
[12-Jul-2021 02:59:56 America/Bogota] PHP Notice:  Undefined index: u in C:\xampp\htdocs\btravelw\models\inicio.model.php on line 10
[12-Jul-2021 03:00:05 America/Bogota] PHP Notice:  Undefined index: u in C:\xampp\htdocs\btravelw\models\inicio.model.php on line 10
[12-Jul-2021 03:00:29 America/Bogota] PHP Notice:  Undefined index: args in C:\xampp\htdocs\btravelw\src\app.php on line 62
[12-Jul-2021 03:05:16 America/Bogota] PHP Notice:  Undefined index: args in C:\xampp\htdocs\btravelw\src\app.php on line 62
[12-Jul-2021 03:05:16 America/Bogota] PHP Notice:  Undefined index: u in C:\xampp\htdocs\btravelw\models\inicio.model.php on line 10
[12-Jul-2021 03:05:24 America/Bogota] PHP Notice:  Undefined index: u in C:\xampp\htdocs\btravelw\models\inicio.model.php on line 10
[12-Jul-2021 03:05:27 America/Bogota] PHP Notice:  Undefined index: args in C:\xampp\htdocs\btravelw\src\app.php on line 62
[12-Jul-2021 03:05:57 America/Bogota] PHP Notice:  Undefined index: args in C:\xampp\htdocs\btravelw\src\app.php on line 62
[12-Jul-2021 03:05:57 America/Bogota] PHP Notice:  Undefined index: u in C:\xampp\htdocs\btravelw\models\inicio.model.php on line 10
[12-Jul-2021 03:05:57 America/Bogota] PHP Notice:  Undefined index: args in C:\xampp\htdocs\btravelw\src\app.php on line 62
[12-Jul-2021 03:06:04 America/Bogota] PHP Notice:  Undefined index: u in C:\xampp\htdocs\btravelw\models\inicio.model.php on line 10
[12-Jul-2021 03:07:29 America/Bogota] PHP Notice:  Undefined index: args in C:\xampp\htdocs\btravelw\src\app.php on line 62
[12-Jul-2021 03:07:29 America/Bogota] PHP Notice:  Undefined index: u in C:\xampp\htdocs\btravelw\models\inicio.model.php on line 10
[12-Jul-2021 03:07:36 America/Bogota] PHP Notice:  Undefined index: u in C:\xampp\htdocs\btravelw\models\inicio.model.php on line 10
[12-Jul-2021 03:07:54 America/Bogota] PHP Notice:  Undefined index: u in C:\xampp\htdocs\btravelw\models\inicio.model.php on line 10
[12-Jul-2021 03:08:50 America/Bogota] PHP Notice:  Undefined index: args in C:\xampp\htdocs\btravelw\src\app.php on line 62
[12-Jul-2021 03:08:50 America/Bogota] PHP Notice:  Undefined index: u in C:\xampp\htdocs\btravelw\models\inicio.model.php on line 10
[12-Jul-2021 03:08:57 America/Bogota] PHP Notice:  Undefined index: u in C:\xampp\htdocs\btravelw\models\inicio.model.php on line 10
[12-Jul-2021 03:09:03 America/Bogota] PHP Notice:  Undefined index: u in C:\xampp\htdocs\btravelw\models\inicio.model.php on line 10
[12-Jul-2021 03:09:14 America/Bogota] PHP Notice:  Undefined index: u in C:\xampp\htdocs\btravelw\models\inicio.model.php on line 10
[12-Jul-2021 03:09:54 America/Bogota] PHP Notice:  Undefined index: u in C:\xampp\htdocs\btravelw\models\inicio.model.php on line 10
[12-Jul-2021 03:10:40 America/Bogota] PHP Notice:  Undefined index: u in C:\xampp\htdocs\btravelw\models\inicio.model.php on line 10
[12-Jul-2021 03:11:25 America/Bogota] PHP Notice:  Undefined index: u in C:\xampp\htdocs\btravelw\models\inicio.model.php on line 10
[12-Jul-2021 03:11:45 America/Bogota] PHP Notice:  Undefined index: u in C:\xampp\htdocs\btravelw\models\inicio.model.php on line 10
[12-Jul-2021 03:12:25 America/Bogota] PHP Notice:  Undefined index: u in C:\xampp\htdocs\btravelw\models\inicio.model.php on line 10
[12-Jul-2021 03:12:33 America/Bogota] PHP Notice:  Undefined index: u in C:\xampp\htdocs\btravelw\models\inicio.model.php on line 10
[12-Jul-2021 03:18:36 America/Bogota] PHP Notice:  Undefined index: args in C:\xampp\htdocs\btravelw\src\app.php on line 62
[12-Jul-2021 03:18:36 America/Bogota] PHP Notice:  Undefined index: u in C:\xampp\htdocs\btravelw\models\inicio.model.php on line 10
[12-Jul-2021 03:18:45 America/Bogota] PHP Notice:  Undefined index: u in C:\xampp\htdocs\btravelw\models\inicio.model.php on line 10
[12-Jul-2021 03:18:46 America/Bogota] PHP Notice:  Undefined index: u in C:\xampp\htdocs\btravelw\models\inicio.model.php on line 10
[12-Jul-2021 03:18:46 America/Bogota] PHP Fatal error:  Uncaught TypeError: Argument 1 passed to inicio::lstWeatherInfo() must be of the type array, string given, called in C:\xampp\htdocs\btravelw\src\app.php on line 37 and defined in C:\xampp\htdocs\btravelw\models\inicio.model.php:61
Stack trace:
#0 C:\xampp\htdocs\btravelw\src\app.php(37): inicio->lstWeatherInfo('3')
#1 C:\xampp\htdocs\btravelw\src\app.php(19): App->routing()
#2 C:\xampp\htdocs\btravelw\index.php(44): App->run()
#3 {main}
  thrown in C:\xampp\htdocs\btravelw\models\inicio.model.php on line 61
[12-Jul-2021 03:18:51 America/Bogota] PHP Notice:  Undefined index: args in C:\xampp\htdocs\btravelw\src\app.php on line 62
[12-Jul-2021 03:19:41 America/Bogota] PHP Notice:  Undefined index: args in C:\xampp\htdocs\btravelw\src\app.php on line 62
[12-Jul-2021 03:19:41 America/Bogota] PHP Notice:  Undefined index: u in C:\xampp\htdocs\btravelw\models\inicio.model.php on line 10
[12-Jul-2021 03:19:42 America/Bogota] PHP Notice:  Undefined index: args in C:\xampp\htdocs\btravelw\src\app.php on line 62
[12-Jul-2021 03:19:49 America/Bogota] PHP Notice:  Undefined index: u in C:\xampp\htdocs\btravelw\models\inicio.model.php on line 10
[12-Jul-2021 03:19:53 America/Bogota] PHP Notice:  Undefined index: u in C:\xampp\htdocs\btravelw\models\inicio.model.php on line 10
[12-Jul-2021 03:19:53 America/Bogota] PHP Notice:  Undefined variable: afl in C:\xampp\htdocs\btravelw\src\crud.class.php on line 53
[12-Jul-2021 03:20:22 America/Bogota] PHP Notice:  Undefined index: args in C:\xampp\htdocs\btravelw\src\app.php on line 62
[12-Jul-2021 03:20:22 America/Bogota] PHP Notice:  Undefined index: u in C:\xampp\htdocs\btravelw\models\inicio.model.php on line 10
[12-Jul-2021 03:20:23 America/Bogota] PHP Notice:  Undefined index: args in C:\xampp\htdocs\btravelw\src\app.php on line 62
[12-Jul-2021 03:20:30 America/Bogota] PHP Notice:  Undefined index: u in C:\xampp\htdocs\btravelw\models\inicio.model.php on line 10
[12-Jul-2021 03:20:34 America/Bogota] PHP Notice:  Undefined index: u in C:\xampp\htdocs\btravelw\models\inicio.model.php on line 10
[12-Jul-2021 03:20:34 America/Bogota] PHP Notice:  Undefined variable: afl in C:\xampp\htdocs\btravelw\src\crud.class.php on line 53
[12-Jul-2021 03:20:57 America/Bogota] PHP Notice:  Undefined index: args in C:\xampp\htdocs\btravelw\src\app.php on line 62
[12-Jul-2021 03:20:57 America/Bogota] PHP Notice:  Undefined index: u in C:\xampp\htdocs\btravelw\models\inicio.model.php on line 10
[12-Jul-2021 03:20:58 America/Bogota] PHP Notice:  Undefined index: args in C:\xampp\htdocs\btravelw\src\app.php on line 62
[12-Jul-2021 03:21:06 America/Bogota] PHP Notice:  Undefined index: u in C:\xampp\htdocs\btravelw\models\inicio.model.php on line 10
[12-Jul-2021 03:21:08 America/Bogota] PHP Notice:  Undefined index: u in C:\xampp\htdocs\btravelw\models\inicio.model.php on line 10
[12-Jul-2021 03:21:08 America/Bogota] PHP Notice:  Undefined variable: afl in C:\xampp\htdocs\btravelw\src\crud.class.php on line 53
[12-Jul-2021 03:21:43 America/Bogota] PHP Notice:  Undefined index: args in C:\xampp\htdocs\btravelw\src\app.php on line 62
[12-Jul-2021 03:21:43 America/Bogota] PHP Notice:  Undefined index: u in C:\xampp\htdocs\btravelw\models\inicio.model.php on line 10
[12-Jul-2021 03:21:44 America/Bogota] PHP Notice:  Undefined index: args in C:\xampp\htdocs\btravelw\src\app.php on line 62
[12-Jul-2021 03:21:50 America/Bogota] PHP Notice:  Undefined index: u in C:\xampp\htdocs\btravelw\models\inicio.model.php on line 10
[12-Jul-2021 03:21:52 America/Bogota] PHP Notice:  Undefined index: u in C:\xampp\htdocs\btravelw\models\inicio.model.php on line 10
[12-Jul-2021 03:21:52 America/Bogota] PHP Notice:  Undefined variable: afl in C:\xampp\htdocs\btravelw\src\crud.class.php on line 53
[12-Jul-2021 03:22:00 America/Bogota] PHP Notice:  Undefined index: args in C:\xampp\htdocs\btravelw\src\app.php on line 62
[12-Jul-2021 03:22:00 America/Bogota] PHP Notice:  Undefined index: u in C:\xampp\htdocs\btravelw\models\inicio.model.php on line 10
[12-Jul-2021 03:22:11 America/Bogota] PHP Notice:  Undefined index: u in C:\xampp\htdocs\btravelw\models\inicio.model.php on line 10
[12-Jul-2021 03:22:12 America/Bogota] PHP Notice:  Undefined index: u in C:\xampp\htdocs\btravelw\models\inicio.model.php on line 10
[12-Jul-2021 03:22:12 America/Bogota] PHP Notice:  Undefined variable: afl in C:\xampp\htdocs\btravelw\src\crud.class.php on line 53
[12-Jul-2021 03:22:18 America/Bogota] PHP Notice:  Undefined index: u in C:\xampp\htdocs\btravelw\models\inicio.model.php on line 10
[12-Jul-2021 03:22:18 America/Bogota] PHP Notice:  Undefined variable: afl in C:\xampp\htdocs\btravelw\src\crud.class.php on line 53
[12-Jul-2021 03:22:36 America/Bogota] PHP Notice:  Undefined index: u in C:\xampp\htdocs\btravelw\models\inicio.model.php on line 10
[12-Jul-2021 03:22:38 America/Bogota] PHP Notice:  Undefined index: u in C:\xampp\htdocs\btravelw\models\inicio.model.php on line 10
[12-Jul-2021 03:22:38 America/Bogota] PHP Notice:  Undefined variable: afl in C:\xampp\htdocs\btravelw\src\crud.class.php on line 53
[12-Jul-2021 03:22:41 America/Bogota] PHP Notice:  Undefined index: u in C:\xampp\htdocs\btravelw\models\inicio.model.php on line 10
[12-Jul-2021 03:22:41 America/Bogota] PHP Notice:  Undefined variable: afl in C:\xampp\htdocs\btravelw\src\crud.class.php on line 53
[12-Jul-2021 03:23:00 America/Bogota] PHP Notice:  Undefined index: u in C:\xampp\htdocs\btravelw\models\inicio.model.php on line 10
[12-Jul-2021 03:23:26 America/Bogota] PHP Notice:  Undefined index: u in C:\xampp\htdocs\btravelw\models\inicio.model.php on line 10
[12-Jul-2021 03:23:33 America/Bogota] PHP Notice:  Undefined index: u in C:\xampp\htdocs\btravelw\models\inicio.model.php on line 10
[12-Jul-2021 03:23:33 America/Bogota] PHP Notice:  Undefined variable: afl in C:\xampp\htdocs\btravelw\src\crud.class.php on line 53
[12-Jul-2021 04:05:11 America/Bogota] PHP Notice:  Undefined index: args in C:\xampp\htdocs\btravelw\src\app.php on line 62
[12-Jul-2021 04:05:11 America/Bogota] PHP Notice:  Undefined index: u in C:\xampp\htdocs\btravelw\models\inicio.model.php on line 10
[12-Jul-2021 04:05:22 America/Bogota] PHP Notice:  Undefined index: u in C:\xampp\htdocs\btravelw\models\inicio.model.php on line 10
[12-Jul-2021 04:05:33 America/Bogota] PHP Notice:  Undefined index: u in C:\xampp\htdocs\btravelw\models\inicio.model.php on line 10
[12-Jul-2021 04:05:45 America/Bogota] PHP Notice:  Undefined index: u in C:\xampp\htdocs\btravelw\models\inicio.model.php on line 10
[12-Jul-2021 04:05:45 America/Bogota] PHP Notice:  Undefined variable: afl in C:\xampp\htdocs\btravelw\src\crud.class.php on line 53
[12-Jul-2021 04:06:00 America/Bogota] PHP Notice:  Undefined index: u in C:\xampp\htdocs\btravelw\models\inicio.model.php on line 10
[12-Jul-2021 04:06:00 America/Bogota] PHP Notice:  Undefined variable: afl in C:\xampp\htdocs\btravelw\src\crud.class.php on line 53
[12-Jul-2021 04:06:12 America/Bogota] PHP Notice:  Undefined index: u in C:\xampp\htdocs\btravelw\models\inicio.model.php on line 10
[12-Jul-2021 04:06:17 America/Bogota] PHP Notice:  Undefined index: u in C:\xampp\htdocs\btravelw\models\inicio.model.php on line 10
[12-Jul-2021 04:06:17 America/Bogota] PHP Notice:  Undefined variable: afl in C:\xampp\htdocs\btravelw\src\crud.class.php on line 53
[12-Jul-2021 04:06:19 America/Bogota] PHP Notice:  Undefined index: u in C:\xampp\htdocs\btravelw\models\inicio.model.php on line 10
[12-Jul-2021 04:06:19 America/Bogota] PHP Notice:  Undefined variable: afl in C:\xampp\htdocs\btravelw\src\crud.class.php on line 53
[12-Jul-2021 04:08:18 America/Bogota] PHP Notice:  Undefined index: args in C:\xampp\htdocs\btravelw\src\app.php on line 62
[12-Jul-2021 04:08:18 America/Bogota] PHP Notice:  Undefined index: u in C:\xampp\htdocs\btravelw\models\inicio.model.php on line 10
[12-Jul-2021 04:08:29 America/Bogota] PHP Notice:  Undefined index: u in C:\xampp\htdocs\btravelw\models\inicio.model.php on line 10
[12-Jul-2021 04:08:44 America/Bogota] PHP Notice:  Undefined index: u in C:\xampp\htdocs\btravelw\models\inicio.model.php on line 10
[12-Jul-2021 04:08:44 America/Bogota] PHP Notice:  Undefined variable: afl in C:\xampp\htdocs\btravelw\src\crud.class.php on line 53
[12-Jul-2021 04:09:24 America/Bogota] PHP Notice:  Undefined index: args in C:\xampp\htdocs\btravelw\src\app.php on line 62
[12-Jul-2021 04:09:24 America/Bogota] PHP Notice:  Undefined index: u in C:\xampp\htdocs\btravelw\models\inicio.model.php on line 10
[12-Jul-2021 04:09:45 America/Bogota] PHP Notice:  Undefined index: args in C:\xampp\htdocs\btravelw\src\app.php on line 62
[12-Jul-2021 04:09:45 America/Bogota] PHP Notice:  Undefined index: u in C:\xampp\htdocs\btravelw\models\inicio.model.php on line 10
[12-Jul-2021 04:09:53 America/Bogota] PHP Notice:  Undefined index: args in C:\xampp\htdocs\btravelw\src\app.php on line 62
[12-Jul-2021 04:09:53 America/Bogota] PHP Notice:  Undefined index: u in C:\xampp\htdocs\btravelw\models\inicio.model.php on line 10
[12-Jul-2021 04:09:57 America/Bogota] PHP Notice:  Undefined index: args in C:\xampp\htdocs\btravelw\src\app.php on line 62
[12-Jul-2021 04:09:57 America/Bogota] PHP Notice:  Undefined index: u in C:\xampp\htdocs\btravelw\models\inicio.model.php on line 10
[12-Jul-2021 04:10:02 America/Bogota] PHP Notice:  Undefined index: u in C:\xampp\htdocs\btravelw\models\inicio.model.php on line 10
[12-Jul-2021 04:10:07 America/Bogota] PHP Notice:  Undefined index: u in C:\xampp\htdocs\btravelw\models\inicio.model.php on line 10
[12-Jul-2021 04:10:07 America/Bogota] PHP Notice:  Undefined variable: afl in C:\xampp\htdocs\btravelw\src\crud.class.php on line 53
[12-Jul-2021 04:10:29 America/Bogota] PHP Notice:  Undefined index: args in C:\xampp\htdocs\btravelw\src\app.php on line 62
[12-Jul-2021 04:10:29 America/Bogota] PHP Notice:  Undefined index: u in C:\xampp\htdocs\btravelw\models\inicio.model.php on line 10
[12-Jul-2021 04:10:39 America/Bogota] PHP Notice:  Undefined index: args in C:\xampp\htdocs\btravelw\src\app.php on line 62
[12-Jul-2021 04:10:39 America/Bogota] PHP Notice:  Undefined index: u in C:\xampp\htdocs\btravelw\models\inicio.model.php on line 10
[12-Jul-2021 04:11:04 America/Bogota] PHP Notice:  Undefined index: u in C:\xampp\htdocs\btravelw\models\inicio.model.php on line 10
[12-Jul-2021 04:11:20 America/Bogota] PHP Notice:  Undefined index: args in C:\xampp\htdocs\btravelw\src\app.php on line 62
[12-Jul-2021 04:11:20 America/Bogota] PHP Notice:  Undefined index: u in C:\xampp\htdocs\btravelw\models\inicio.model.php on line 10
[12-Jul-2021 04:11:25 America/Bogota] PHP Notice:  Undefined index: args in C:\xampp\htdocs\btravelw\src\app.php on line 62
[12-Jul-2021 04:11:25 America/Bogota] PHP Notice:  Undefined index: u in C:\xampp\htdocs\btravelw\models\inicio.model.php on line 10
[12-Jul-2021 04:11:29 America/Bogota] PHP Notice:  Undefined index: u in C:\xampp\htdocs\btravelw\models\inicio.model.php on line 10
[12-Jul-2021 04:11:59 America/Bogota] PHP Notice:  Undefined index: args in C:\xampp\htdocs\btravelw\src\app.php on line 62
[12-Jul-2021 04:11:59 America/Bogota] PHP Notice:  Undefined index: u in C:\xampp\htdocs\btravelw\models\inicio.model.php on line 10
[12-Jul-2021 04:12:01 America/Bogota] PHP Notice:  Undefined index: u in C:\xampp\htdocs\btravelw\models\inicio.model.php on line 10
[12-Jul-2021 04:12:10 America/Bogota] PHP Notice:  Undefined index: u in C:\xampp\htdocs\btravelw\models\inicio.model.php on line 10
[12-Jul-2021 04:12:10 America/Bogota] PHP Notice:  Undefined variable: afl in C:\xampp\htdocs\btravelw\src\crud.class.php on line 53
[12-Jul-2021 04:12:12 America/Bogota] PHP Notice:  Undefined index: u in C:\xampp\htdocs\btravelw\models\inicio.model.php on line 10
[12-Jul-2021 04:12:12 America/Bogota] PHP Notice:  Undefined variable: afl in C:\xampp\htdocs\btravelw\src\crud.class.php on line 53
[12-Jul-2021 04:12:36 America/Bogota] PHP Notice:  Undefined index: u in C:\xampp\htdocs\btravelw\models\inicio.model.php on line 10
[12-Jul-2021 04:13:29 America/Bogota] PHP Notice:  Undefined index: args in C:\xampp\htdocs\btravelw\src\app.php on line 62
[12-Jul-2021 04:13:29 America/Bogota] PHP Notice:  Undefined index: u in C:\xampp\htdocs\btravelw\models\inicio.model.php on line 10
[12-Jul-2021 04:13:37 America/Bogota] PHP Notice:  Undefined index: u in C:\xampp\htdocs\btravelw\models\inicio.model.php on line 10
[12-Jul-2021 04:14:48 America/Bogota] PHP Notice:  Undefined index: args in C:\xampp\htdocs\btravelw\src\app.php on line 62
[12-Jul-2021 04:14:48 America/Bogota] PHP Notice:  Undefined index: u in C:\xampp\htdocs\btravelw\models\inicio.model.php on line 10
[12-Jul-2021 04:14:59 America/Bogota] PHP Notice:  Undefined index: u in C:\xampp\htdocs\btravelw\models\inicio.model.php on line 10
[12-Jul-2021 04:15:33 America/Bogota] PHP Notice:  Undefined index: args in C:\xampp\htdocs\btravelw\src\app.php on line 62
[12-Jul-2021 04:15:33 America/Bogota] PHP Notice:  Undefined index: u in C:\xampp\htdocs\btravelw\models\inicio.model.php on line 10
[12-Jul-2021 04:16:00 America/Bogota] PHP Notice:  Undefined index: u in C:\xampp\htdocs\btravelw\models\inicio.model.php on line 10
[12-Jul-2021 04:17:28 America/Bogota] PHP Notice:  Undefined index: args in C:\xampp\htdocs\btravelw\src\app.php on line 62
[12-Jul-2021 04:17:28 America/Bogota] PHP Notice:  Undefined index: u in C:\xampp\htdocs\btravelw\models\inicio.model.php on line 10
[12-Jul-2021 04:17:31 America/Bogota] PHP Notice:  Undefined index: u in C:\xampp\htdocs\btravelw\models\inicio.model.php on line 10
[12-Jul-2021 04:17:49 America/Bogota] PHP Notice:  Undefined index: u in C:\xampp\htdocs\btravelw\models\inicio.model.php on line 10
[12-Jul-2021 04:18:11 America/Bogota] PHP Notice:  Undefined index: u in C:\xampp\htdocs\btravelw\models\inicio.model.php on line 10
[12-Jul-2021 04:18:11 America/Bogota] PHP Notice:  Undefined variable: afl in C:\xampp\htdocs\btravelw\src\crud.class.php on line 53
[12-Jul-2021 04:18:13 America/Bogota] PHP Notice:  Undefined index: u in C:\xampp\htdocs\btravelw\models\inicio.model.php on line 10
[12-Jul-2021 04:18:13 America/Bogota] PHP Notice:  Undefined variable: afl in C:\xampp\htdocs\btravelw\src\crud.class.php on line 53
[12-Jul-2021 04:18:21 America/Bogota] PHP Notice:  Undefined index: args in C:\xampp\htdocs\btravelw\src\app.php on line 62
[12-Jul-2021 04:18:21 America/Bogota] PHP Notice:  Undefined index: u in C:\xampp\htdocs\btravelw\models\inicio.model.php on line 10
